Build started 24-Jan-15 2:35:43 PM.
     1>Project "C:\Users\Nipun\documents\visual studio 2012\Projects\HR_PickingCards\HR_PickingCards\HR_PickingCards.vcxproj" on node 2 (Build target(s)).
     1>ClCompile:
         C:\Program Files (x86)\Microsoft Visual Studio 11.0\VC\bin\CL.exe /c /ZI /nologo /W3 /WX- /sdl /Od /Oy- /D WIN32 /D _DEBUG /D _CONSOLE /D _UNICODE /D UNICODE /Gm /EHsc /RTC1 /MDd /GS /fp:precise /Zc:wchar_t /Zc:forScope /Yu"stdafx.h" /Fp"Debug\HR_PickingCards.pch" /Fo"Debug\\" /Fd"Debug\vc110.pdb" /Gd /TP /analyze- /errorReport:prompt HR_PickingCards.cpp
         HR_PickingCards.cpp
     1>c:\users\nipun\documents\visual studio 2012\projects\hr_pickingcards\hr_pickingcards\hr_pickingcards.cpp(26): error C2057: expected constant expression
     1>c:\users\nipun\documents\visual studio 2012\projects\hr_pickingcards\hr_pickingcards\hr_pickingcards.cpp(26): error C2466: cannot allocate an array of constant size 0
     1>c:\users\nipun\documents\visual studio 2012\projects\hr_pickingcards\hr_pickingcards\hr_pickingcards.cpp(26): error C2133: 'cnt_srt' : unknown size
     1>c:\users\nipun\documents\visual studio 2012\projects\hr_pickingcards\hr_pickingcards\hr_pickingcards.cpp(28): warning C4244: 'argument' : conversion from '__int64' to 'size_t', possible loss of data
     1>c:\users\nipun\documents\visual studio 2012\projects\hr_pickingcards\hr_pickingcards\hr_pickingcards.cpp(31): warning C4244: 'argument' : conversion from '__int64' to 'unsigned int', possible loss of data
     1>Done Building Project "C:\Users\Nipun\documents\visual studio 2012\Projects\HR_PickingCards\HR_PickingCards\HR_PickingCards.vcxproj" (Build target(s)) -- FAILED.

Build FAILED.

Time Elapsed 00:00:14.63
