Build started 16-Dec-14 5:50:48 PM.
     1>Project "c:\Users\Nipun\documents\visual studio 2012\Projects\HR_flowers\HR_flowers\HR_flowers.vcxproj" on node 2 (Build target(s)).
     1>ClCompile:
         C:\Program Files (x86)\Microsoft Visual Studio 11.0\VC\bin\CL.exe /c /ZI /nologo /W3 /WX- /sdl /Od /Oy- /D WIN32 /D _DEBUG /D _CONSOLE /D _UNICODE /D UNICODE /Gm /EHsc /RTC1 /MDd /GS /fp:precise /Zc:wchar_t /Zc:forScope /Yc"stdafx.h" /Fp"Debug\HR_flowers.pch" /Fo"Debug\\" /Fd"Debug\vc110.pdb" /Gd /TP /analyze- /errorReport:prompt stdafx.cpp
         stdafx.cpp
         C:\Program Files (x86)\Microsoft Visual Studio 11.0\VC\bin\CL.exe /c /ZI /nologo /W3 /WX- /sdl /Od /Oy- /D WIN32 /D _DEBUG /D _CONSOLE /D _UNICODE /D UNICODE /Gm /EHsc /RTC1 /MDd /GS /fp:precise /Zc:wchar_t /Zc:forScope /Yu"stdafx.h" /Fp"Debug\HR_flowers.pch" /Fo"Debug\\" /Fd"Debug\vc110.pdb" /Gd /TP /analyze- /errorReport:prompt HR_flowers.cpp
         HR_flowers.cpp
     1>c:\users\nipun\documents\visual studio 2012\projects\hr_flowers\hr_flowers\hr_flowers.cpp(32): warning C4018: '<' : signed/unsigned mismatch
     1>c:\users\nipun\documents\visual studio 2012\projects\hr_flowers\hr_flowers\hr_flowers.cpp(48): warning C4244: 'argument' : conversion from '__int64' to 'unsigned int', possible loss of data
     1>c:\users\nipun\documents\visual studio 2012\projects\hr_flowers\hr_flowers\hr_flowers.cpp(53): error C3861: 'accumulate': identifier not found
     1>Done Building Project "c:\Users\Nipun\documents\visual studio 2012\Projects\HR_flowers\HR_flowers\HR_flowers.vcxproj" (Build target(s)) -- FAILED.

Build FAILED.

Time Elapsed 00:00:05.97
